  main.cpp
E:\VisualProject\sfml1\newChess\window\MainMenu.h(103,74): warning C4244: аргумент: преобразование "int" в "T", возможна потеря данных
          with
          [
              T=float
          ]
E:\VisualProject\sfml1\newChess\window\MainMenu.h(103,55): warning C4244: аргумент: преобразование "int" в "T", возможна потеря данных
          with
          [
              T=float
          ]
E:\VisualProject\sfml1\newChess\ChessPieces\Pawn.h(10,23): warning C4305: инициализация: усечение из "double" в "float"
E:\VisualProject\sfml1\newChess\ChessPieces\Pawn.h(11,23): warning C4305: инициализация: усечение из "double" в "float"
E:\VisualProject\sfml1\newChess\ChessPieces\Pawn.h(13,30): warning C4305: инициализация: усечение из "double" в "const float"
E:\VisualProject\sfml1\newChess\ChessPieces\Pawn.h(97,62): warning C4244: аргумент: преобразование "double" в "float", возможна потеря данных
E:\VisualProject\sfml1\newChess\ChessPieces\Pawn.h(97,33): warning C4244: аргумент: преобразование "double" в "float", возможна потеря данных
E:\VisualProject\sfml1\newChess\ChessPieces\Pawn.h(100,55): warning C4244: аргумент: преобразование "double" в "float", возможна потеря данных
E:\VisualProject\sfml1\newChess\ChessPieces\Pawn.h(100,33): warning C4305: аргумент: усечение из "double" в "float"
E:\VisualProject\sfml1\newChess\ChessPieces\Pawn.h(103,55): warning C4244: аргумент: преобразование "double" в "float", возможна потеря данных
E:\VisualProject\sfml1\newChess\ChessPieces\Pawn.h(106,71): warning C4244: аргумент: преобразование "double" в "float", возможна потеря данных
E:\VisualProject\sfml1\newChess\ChessPieces\Pawn.h(106,33): warning C4244: аргумент: преобразование "double" в "float", возможна потеря данных
E:\VisualProject\sfml1\newChess\ChessPieces\Pawn.h(109,71): warning C4244: аргумент: преобразование "double" в "float", возможна потеря данных
E:\VisualProject\sfml1\newChess\ChessPieces\Pawn.h(109,33): warning C4244: аргумент: преобразование "double" в "float", возможна потеря данных
E:\VisualProject\sfml1\newChess\ChessPieces\Pawn.h(112,71): warning C4244: аргумент: преобразование "double" в "float", возможна потеря данных
E:\VisualProject\sfml1\newChess\ChessPieces\Pawn.h(112,33): warning C4244: аргумент: преобразование "double" в "float", возможна потеря данных
E:\VisualProject\sfml1\newChess\GameLogic.h(57,30): warning C4305: инициализация: усечение из "double" в "const float"
E:\VisualProject\sfml1\newChess\main.cpp(122,101): warning C4244: аргумент: преобразование "int" в "T", возможна потеря данных
          with
          [
              T=float
          ]
E:\VisualProject\sfml1\newChess\main.cpp(122,80): warning C4244: аргумент: преобразование "int" в "T", возможна потеря данных
          with
          [
              T=float
          ]
E:\VisualProject\sfml1\newChess\main.cpp(193,31): warning C4101: i_: неиспользованная локальная переменная
E:\VisualProject\sfml1\newChess\GameLogic.h(173,97): warning C4244: аргумент: преобразование "double" в "float", возможна потеря данных
E:\VisualProject\sfml1\newChess\GameLogic.h(88,5): message : выполняется компиляция ссылки на экземпляр шаблон функции "void LogicUp<ALLFigure,Pawn>(std::vector<ALLFigure,std::allocator<ALLFigure>> &,std::vector<Pawn,std::allocator<Pawn>> &)"
E:\VisualProject\sfml1\newChess\GameLogic.h(213,115): warning C4244: аргумент: преобразование "double" в "float", возможна потеря данных
E:\VisualProject\sfml1\newChess\GameLogic.h(89,5): message : выполняется компиляция ссылки на экземпляр шаблон функции "void LogicUpLeft<ALLFigure,Pawn>(std::vector<ALLFigure,std::allocator<ALLFigure>> &,std::vector<Pawn,std::allocator<Pawn>> &)"
E:\VisualProject\sfml1\newChess\GameLogic.h(213,64): warning C4244: аргумент: преобразование "double" в "float", возможна потеря данных
E:\VisualProject\sfml1\newChess\GameLogic.h(255,115): warning C4244: аргумент: преобразование "double" в "float", возможна потеря данных
E:\VisualProject\sfml1\newChess\GameLogic.h(90,5): message : выполняется компиляция ссылки на экземпляр шаблон функции "void LogicUpRight<ALLFigure,Pawn>(std::vector<ALLFigure,std::allocator<ALLFigure>> &,std::vector<Pawn,std::allocator<Pawn>> &)"
E:\VisualProject\sfml1\newChess\GameLogic.h(255,64): warning C4244: аргумент: преобразование "double" в "float", возможна потеря данных
E:\VisualProject\sfml1\newChess\GameLogic.h(424,64): warning C4244: аргумент: преобразование "double" в "float", возможна потеря данных
E:\VisualProject\sfml1\newChess\GameLogic.h(92,5): message : выполняется компиляция ссылки на экземпляр шаблон функции "void LogicLeft<ALLFigure,Pawn>(std::vector<ALLFigure,std::allocator<ALLFigure>> &,std::vector<Pawn,std::allocator<Pawn>> &)"
E:\VisualProject\sfml1\newChess\GameLogic.h(464,64): warning C4244: аргумент: преобразование "double" в "float", возможна потеря данных
E:\VisualProject\sfml1\newChess\GameLogic.h(93,5): message : выполняется компиляция ссылки на экземпляр шаблон функции "void LogicRight<ALLFigure,Pawn>(std::vector<ALLFigure,std::allocator<ALLFigure>> &,std::vector<Pawn,std::allocator<Pawn>> &)"
E:\VisualProject\sfml1\newChess\GameLogic.h(299,98): warning C4244: аргумент: преобразование "double" в "float", возможна потеря данных
E:\VisualProject\sfml1\newChess\GameLogic.h(95,5): message : выполняется компиляция ссылки на экземпляр шаблон функции "void LogicDown<ALLFigure,Pawn>(std::vector<ALLFigure,std::allocator<ALLFigure>> &,std::vector<Pawn,std::allocator<Pawn>> &)"
E:\VisualProject\sfml1\newChess\GameLogic.h(340,115): warning C4244: аргумент: преобразование "double" в "float", возможна потеря данных
E:\VisualProject\sfml1\newChess\GameLogic.h(96,5): message : выполняется компиляция ссылки на экземпляр шаблон функции "void LogicDownLeft<ALLFigure,Pawn>(std::vector<ALLFigure,std::allocator<ALLFigure>> &,std::vector<Pawn,std::allocator<Pawn>> &)"
E:\VisualProject\sfml1\newChess\GameLogic.h(340,64): warning C4244: аргумент: преобразование "double" в "float", возможна потеря данных
E:\VisualProject\sfml1\newChess\GameLogic.h(382,115): warning C4244: аргумент: преобразование "double" в "float", возможна потеря данных
E:\VisualProject\sfml1\newChess\GameLogic.h(97,5): message : выполняется компиляция ссылки на экземпляр шаблон функции "void LogicDownRight<ALLFigure,Pawn>(std::vector<ALLFigure,std::allocator<ALLFigure>> &,std::vector<Pawn,std::allocator<Pawn>> &)"
E:\VisualProject\sfml1\newChess\GameLogic.h(382,64): warning C4244: аргумент: преобразование "double" в "float", возможна потеря данных
  Chess.vcxproj -> E:\VisualProject\sfml1\newChess\x64\Debug\Chess.exe
